<?xml version="1.0" encoding="utf-8"?><testsuites name="pytest tests"><testsuite name="pytest" errors="0" failures="0" skipped="1" tests="200" time="6.943" timestamp="2026-07-18T08:45:48.317203+05:30" hostname="LAPTOP-S0MV4M5E"><testcase classname="tests.integration.test_flow_5_cross_zone_auth.TestFlow5CrossZoneAuth" name="test_zone_a_cannot_read_zone_b_incident" time="0.130" /><testcase classname="tests.integration.test_flow_5_cross_zone_auth.TestFlow5CrossZoneAuth" name="test_zone_a_feed_only_shows_zone_a" time="0.014" /><testcase classname="tests.integration.test_flow_5_cross_zone_auth.TestFlow5CrossZoneAuth" name="test_zone_a_cannot_read_zone_b_chat" time="0.029" /><testcase classname="tests.integration.test_flow_5_cross_zone_auth.TestFlow5CrossZoneAuth" name="test_supervisor_all_zones_can_access_any_zone" time="0.027" /><testcase classname="tests.integration.test_flow_5_cross_zone_auth.TestFlow5CrossZoneAuth" name="test_zone_scoped_supervisor_still_sees_all_zones" time="0.015" /><testcase classname="tests.integration.test_flow_5_cross_zone_auth.TestFlow5CrossZoneAuth" name="test_rollup_ignores_client_supplied_zone_param" time="0.011" /><testcase classname="tests.integration.test_flow_5_cross_zone_auth.TestFlow5CrossZoneAuth" name="test_zone_a_cannot_patch_zone_b_incident" time="0.055" /><testcase classname="tests.test_orchestration.test_completion.TestTimeout" name="test_timeout_routes_to_fallback[asyncio-incident_classification]" time="0.003" /><testcase classname="tests.test_orchestration.test_completion.TestTimeout" name="test_timeout_routes_to_fallback[asyncio-intent_routing]" time="0.002" /><testcase classname="tests.test_orchestration.test_completion.TestTimeout" name="test_timeout_routes_to_fallback[asyncio-translation]" time="0.002" /><testcase classname="tests.test_orchestration.test_completion.TestTimeout" name="test_timeout_routes_to_fallback[asyncio-dispatch_recommendation]" time="0.002" /><testcase classname="tests.test_orchestration.test_completion.TestTimeout" name="test_timeout_routes_to_fallback[asyncio-ask_crewlink_synthesis]" time="0.002" /><testcase classname="tests.test_orchestration.test_completion.TestTimeout" name="test_timeout_routes_to_fallback[asyncio-shift_summary]" time="0.020" /><testcase classname="tests.test_orchestration.test_completion.TestSchemaInvalid" name="test_invalid_schema_routes_to_fallback[asyncio-incident_classification]" time="0.003" /><testcase classname="tests.test_orchestration.test_completion.TestSchemaInvalid" name="test_invalid_schema_routes_to_fallback[asyncio-intent_routing]" time="0.030" /><testcase classname="tests.test_orchestration.test_completion.TestSchemaInvalid" name="test_invalid_schema_routes_to_fallback[asyncio-translation]" time="0.015" /><testcase classname="tests.test_orchestration.test_completion.TestSchemaInvalid" name="test_invalid_schema_routes_to_fallback[asyncio-dispatch_recommendation]" time="0.017" /><testcase classname="tests.test_orchestration.test_completion.TestSchemaInvalid" name="test_invalid_schema_routes_to_fallback[asyncio-ask_crewlink_synthesis]" time="0.014" /><testcase classname="tests.test_orchestration.test_completion.TestSchemaInvalid" name="test_invalid_schema_routes_to_fallback[asyncio-shift_summary]" time="0.003" /><testcase classname="tests.test_orchestration.test_completion.TestSchemaInvalid" name="test_fallback_badged_with_fallback_used[asyncio-incident_classification]" time="0.004" /><testcase classname="tests.test_orchestration.test_completion.TestSchemaInvalid" name="test_fallback_badged_with_fallback_used[asyncio-intent_routing]" time="0.002" /><testcase classname="tests.test_orchestration.test_completion.TestSchemaInvalid" name="test_fallback_badged_with_fallback_used[asyncio-translation]" time="0.002" /><testcase classname="tests.test_orchestration.test_completion.TestSchemaInvalid" name="test_fallback_badged_with_fallback_used[asyncio-dispatch_recommendation]" time="0.003" /><testcase classname="tests.test_orchestration.test_completion.TestSchemaInvalid" name="test_fallback_badged_with_fallback_used[asyncio-ask_crewlink_synthesis]" time="0.003" /><testcase classname="tests.test_orchestration.test_completion.TestSchemaInvalid" name="test_fallback_badged_with_fallback_used[asyncio-shift_summary]" time="0.028" /><testcase classname="tests.test_orchestration.test_completion.TestHallucinatedID" name="test_dispatch_hallucinated_volunteer[asyncio]" time="0.004" /><testcase classname="tests.test_orchestration.test_completion.TestHallucinatedID" name="test_ask_crewlink_hallucinated_chunk[asyncio]" time="0.025" /><testcase classname="tests.test_orchestration.test_completion.TestHallucinatedID" name="test_valid_ids_pass_through[asyncio]" time="0.002" /><testcase classname="tests.test_orchestration.test_completion.TestLogCompleteness" name="test_success_produces_one_log_row[asyncio]" time="0.023" /><testcase classname="tests.test_orchestration.test_completion.TestLogCompleteness" name="test_timeout_produces_one_log_row[asyncio]" time="0.002" /><testcase classname="tests.test_orchestration.test_completion.TestLogCompleteness" name="test_schema_invalid_produces_one_log_row[asyncio]" time="0.027" /><testcase classname="tests.test_orchestration.test_completion.TestLogCompleteness" name="test_hallucinated_id_produces_one_log_row[asyncio]" time="0.003" /><testcase classname="tests.test_orchestration.test_completion.TestLogCompleteness" name="test_log_row_count_equals_call_count[asyncio]" time="0.005" /><testcase classname="tests.test_orchestration.test_completion.TestFallbackDataQuality" name="test_fallback_returns_dict_with_expected_fields[asyncio-incident_classification]" time="0.002" /><testcase classname="tests.test_orchestration.test_completion.TestFallbackDataQuality" name="test_fallback_returns_dict_with_expected_fields[asyncio-intent_routing]" time="0.003" /><testcase classname="tests.test_orchestration.test_completion.TestFallbackDataQuality" name="test_fallback_returns_dict_with_expected_fields[asyncio-translation]" time="0.002" /><testcase classname="tests.test_orchestration.test_completion.TestFallbackDataQuality" name="test_fallback_returns_dict_with_expected_fields[asyncio-dispatch_recommendation]" time="0.002" /><testcase classname="tests.test_orchestration.test_completion.TestFallbackDataQuality" name="test_fallback_returns_dict_with_expected_fields[asyncio-ask_crewlink_synthesis]" time="0.003" /><testcase classname="tests.test_orchestration.test_completion.TestFallbackDataQuality" name="test_fallback_returns_dict_with_expected_fields[asyncio-shift_summary]" time="0.002" /><testcase classname="tests.test_phase1.test_constraints.TestSourceNonNullable" name="test_source_column_is_non_nullable[Incident]" time="0.010" /><testcase classname="tests.test_phase1.test_constraints.TestSourceNonNullable" name="test_source_column_is_non_nullable[CrowdDensityReading]" time="0.002" /><testcase classname="tests.test_phase1.test_constraints.TestSourceNonNullable" name="test_source_column_is_non_nullable[VolunteerPositionPing]" time="0.002" /><testcase classname="tests.test_phase1.test_constraints.TestSourceNonNullable" name="test_insert_without_source_raises[Incident]" time="0.004" /><testcase classname="tests.test_phase1.test_constraints.TestSourceNonNullable" name="test_insert_without_source_raises[CrowdDensityReading]" time="0.004" /><testcase classname="tests.test_phase1.test_constraints.TestSourceNonNullable" name="test_insert_without_source_raises[VolunteerPositionPing]" time="0.003" /><testcase classname="tests.test_phase1.test_kb_corpus.TestKbCorpus" name="test_exactly_five_documents" time="0.010" /><testcase classname="tests.test_phase1.test_kb_corpus.TestKbCorpus" name="test_chunk_count_in_25_to_40_range" time="0.009" /><testcase classname="tests.test_phase1.test_kb_corpus.TestKbCorpus" name="test_every_document_has_at_least_one_chunk" time="0.007" /><testcase classname="tests.test_phase1.test_kb_corpus.TestKbCorpus" name="test_heading_based_chunking_no_overlap_by_default" time="0.007" /><testcase classname="tests.test_phase1.test_parity.TestSeedParity" name="test_sqlite_and_postgres_have_identical_row_counts" time="4.104"><skipped type="pytest.skip" message="Postgres not available — parity test requires both engines">C:\Users\VEDANT\OneDrive\Desktop\aarya project\CrewLink AI\backend\tests\test_phase1\test_parity.py:27: Postgres not available — parity test requires both engines</skipped></testcase><testcase classname="tests.test_phase1.test_schema_fields.TestSchemaFields" name="test_all_entities_present" time="0.006" /><testcase classname="tests.test_phase1.test_schema_fields.TestSchemaFields" name="test_entity_fields_match_canonical[volunteers]" time="0.006" /><testcase classname="tests.test_phase1.test_schema_fields.TestSchemaFields" name="test_entity_fields_match_canonical[zones]" time="0.004" /><testcase classname="tests.test_phase1.test_schema_fields.TestSchemaFields" name="test_entity_fields_match_canonical[shifts]" time="0.003" /><testcase classname="tests.test_phase1.test_schema_fields.TestSchemaFields" name="test_entity_fields_match_canonical[incidents]" time="0.003" /><testcase classname="tests.test_phase1.test_schema_fields.TestSchemaFields" name="test_entity_fields_match_canonical[knowledge_base_documents]" time="0.013" /><testcase classname="tests.test_phase1.test_schema_fields.TestSchemaFields" name="test_entity_fields_match_canonical[knowledge_base_chunks]" time="0.003" /><testcase classname="tests.test_phase1.test_schema_fields.TestSchemaFields" name="test_entity_fields_match_canonical[chat_sessions]" time="0.003" /><testcase classname="tests.test_phase1.test_schema_fields.TestSchemaFields" name="test_entity_fields_match_canonical[chat_messages]" time="0.003" /><testcase classname="tests.test_phase1.test_schema_fields.TestSchemaFields" name="test_entity_fields_match_canonical[crowd_density_readings]" time="0.003" /><testcase classname="tests.test_phase1.test_schema_fields.TestSchemaFields" name="test_entity_fields_match_canonical[volunteer_position_pings]" time="0.003" /><testcase classname="tests.test_phase1.test_schema_fields.TestSchemaFields" name="test_entity_fields_match_canonical[ai_invocation_logs]" time="0.004" /><testcase classname="tests.test_phase2.test_auth.TestAuthContext" name="test_volunteer_auth_context" time="0.001" /><testcase classname="tests.test_phase2.test_auth.TestAuthContext" name="test_supervisor_auth_context" time="0.001" /><testcase classname="tests.test_phase2.test_auth.TestAuthContext" name="test_supervisor_spans_all_zones" time="0.001" /><testcase classname="tests.test_phase2.test_auth.TestAuthContext" name="test_volunteer_only_own_zone" time="0.001" /><testcase classname="tests.test_phase2.test_auth.TestZoneScope" name="test_volunteer_cannot_access_other_zone" time="0.034" /><testcase classname="tests.test_phase2.test_auth.TestZoneScope" name="test_supervisor_can_access_any_zone" time="0.028" /><testcase classname="tests.test_phase2.test_auth.TestRoleRequirement" name="test_volunteer_blocked_from_supervisor_route" time="0.001" /><testcase classname="tests.test_phase2.test_auth.TestRoleRequirement" name="test_supervisor_allowed_on_supervisor_route" time="0.001" /><testcase classname="tests.test_phase2.test_auth.TestRoleRequirement" name="test_internal_auth_rejects_user_jwt" time="0.001" /><testcase classname="tests.test_phase2.test_internal_auth.TestInternalRoutesRejectUserJwt" name="test_internal_route_no_auth_returns_401" time="0.021" /><testcase classname="tests.test_phase2.test_internal_auth.TestInternalRoutesRejectUserJwt" name="test_internal_route_with_user_jwt_returns_403" time="0.026" /><testcase classname="tests.test_phase2.test_internal_auth.TestInternalRoutesRejectUserJwt" name="test_internal_route_with_service_credential_returns_not_501" time="0.021" /><testcase classname="tests.test_phase2.test_priority.TestPriorityScorePurity" name="test_identical_input_identical_output" time="0.001" /><testcase classname="tests.test_phase2.test_priority.TestPriorityScorePurity" name="test_no_side_effects" time="0.001" /><testcase classname="tests.test_phase2.test_priority.TestPriorityScorePurity" name="test_score_in_range" time="0.001" /><testcase classname="tests.test_phase2.test_priority.TestPriorityScorePurity" name="test_medical_higher_than_general" time="0.001" /><testcase classname="tests.test_phase2.test_priority.TestPriorityScorePurity" name="test_crowd_density_increases_score" time="0.000" /><testcase classname="tests.test_phase2.test_priority.TestPriorityScorePurity" name="test_queue_wait_adds_to_crowd_queue" time="0.000" /><testcase classname="tests.test_phase2.test_priority.TestPriorityScorePurity" name="test_docstring_cites_doc3_section" time="0.000" /><testcase classname="tests.test_phase2.test_priority.TestPriorityScorePurity" name="test_queue_wait_does_not_affect_non_queue_categories" time="0.001" /><testcase classname="tests.test_phase2.test_rate_limiting.TestRateLimitTierManifest" name="test_all_endpoints_have_tier" time="0.001" /><testcase classname="tests.test_phase2.test_rate_limiting.TestRateLimitTierManifest" name="test_tiers_are_valid" time="0.001" /><testcase classname="tests.test_phase2.test_rate_limiting.TestRateLimitTierManifest" name="test_limit_values_match_addendum_g2" time="0.001" /><testcase classname="tests.test_phase2.test_rate_limiting.TestRateLimiterBehavior" name="test_allows_within_limit" time="0.001" /><testcase classname="tests.test_phase2.test_rate_limiting.TestRateLimiterBehavior" name="test_blocks_after_limit" time="0.001" /><testcase classname="tests.test_phase2.test_rate_limiting.TestRateLimiterBehavior" name="test_reset_after_window" time="0.002" /><testcase classname="tests.test_phase2.test_rate_limiting.TestRateLimiterBehavior" name="test_different_tiers_independent" time="0.001" /><testcase classname="tests.test_phase2.test_state_machine.TestStateMachineTransitions" name="test_valid_transition[Reported-Triaged]" time="0.001" /><testcase classname="tests.test_phase2.test_state_machine.TestStateMachineTransitions" name="test_valid_transition[Reported-Cancelled]" time="0.001" /><testcase classname="tests.test_phase2.test_state_machine.TestStateMachineTransitions" name="test_valid_transition[Triaged-Dispatched]" time="0.001" /><testcase classname="tests.test_phase2.test_state_machine.TestStateMachineTransitions" name="test_valid_transition[Triaged-Escalated]" time="0.001" /><testcase classname="tests.test_phase2.test_state_machine.TestStateMachineTransitions" name="test_valid_transition[Triaged-Cancelled]" time="0.001" /><testcase classname="tests.test_phase2.test_state_machine.TestStateMachineTransitions" name="test_valid_transition[Dispatched-Acknowledged]" time="0.001" /><testcase classname="tests.test_phase2.test_state_machine.TestStateMachineTransitions" name="test_valid_transition[Dispatched-Escalated]" time="0.001" /><testcase classname="tests.test_phase2.test_state_machine.TestStateMachineTransitions" name="test_valid_transition[Dispatched-Cancelled]" time="0.001" /><testcase classname="tests.test_phase2.test_state_machine.TestStateMachineTransitions" name="test_valid_transition[Acknowledged-InProgress]" time="0.001" /><testcase classname="tests.test_phase2.test_state_machine.TestStateMachineTransitions" name="test_valid_transition[Acknowledged-Escalated]" time="0.001" /><testcase classname="tests.test_phase2.test_state_machine.TestStateMachineTransitions" name="test_valid_transition[Acknowledged-Cancelled]" time="0.001" /><testcase classname="tests.test_phase2.test_state_machine.TestStateMachineTransitions" name="test_valid_transition[InProgress-Resolved]" time="0.001" /><testcase classname="tests.test_phase2.test_state_machine.TestStateMachineTransitions" name="test_valid_transition[InProgress-Escalated]" time="0.001" /><testcase classname="tests.test_phase2.test_state_machine.TestStateMachineTransitions" name="test_valid_transition[InProgress-Cancelled]" time="0.001" /><testcase classname="tests.test_phase2.test_state_machine.TestStateMachineTransitions" name="test_valid_transition[Escalated-Triaged]" time="0.001" /><testcase classname="tests.test_phase2.test_state_machine.TestStateMachineTransitions" name="test_valid_transition[Escalated-Dispatched]" time="0.001" /><testcase classname="tests.test_phase2.test_state_machine.TestStateMachineTransitions" name="test_valid_transition[Escalated-Cancelled]" time="0.001" /><testcase classname="tests.test_phase2.test_state_machine.TestStateMachineTransitions" name="test_illegal_transition_raises[Resolved-Reported]" time="0.001" /><testcase classname="tests.test_phase2.test_state_machine.TestStateMachineTransitions" name="test_illegal_transition_raises[Resolved-Triaged]" time="0.002" /><testcase classname="tests.test_phase2.test_state_machine.TestStateMachineTransitions" name="test_illegal_transition_raises[Resolved-Dispatched]" time="0.002" /><testcase classname="tests.test_phase2.test_state_machine.TestStateMachineTransitions" name="test_illegal_transition_raises[Resolved-Acknowledged]" time="0.001" /><testcase classname="tests.test_phase2.test_state_machine.TestStateMachineTransitions" name="test_illegal_transition_raises[Resolved-InProgress]" time="0.002" /><testcase classname="tests.test_phase2.test_state_machine.TestStateMachineTransitions" name="test_illegal_transition_raises[Resolved-Escalated]" time="0.001" /><testcase classname="tests.test_phase2.test_state_machine.TestStateMachineTransitions" name="test_illegal_transition_raises[Resolved-Cancelled]" time="0.002" /><testcase classname="tests.test_phase2.test_state_machine.TestStateMachineTransitions" name="test_illegal_transition_raises[Cancelled-Reported]" time="0.002" /><testcase classname="tests.test_phase2.test_state_machine.TestStateMachineTransitions" name="test_illegal_transition_raises[Cancelled-Triaged]" time="0.002" /><testcase classname="tests.test_phase2.test_state_machine.TestStateMachineTransitions" name="test_illegal_transition_raises[Cancelled-Dispatched]" time="0.002" /><testcase classname="tests.test_phase2.test_state_machine.TestStateMachineTransitions" name="test_illegal_transition_raises[Cancelled-Acknowledged]" time="0.001" /><testcase classname="tests.test_phase2.test_state_machine.TestStateMachineTransitions" name="test_illegal_transition_raises[Cancelled-InProgress]" time="0.002" /><testcase classname="tests.test_phase2.test_state_machine.TestStateMachineTransitions" name="test_illegal_transition_raises[Cancelled-Resolved]" time="0.002" /><testcase classname="tests.test_phase2.test_state_machine.TestStateMachineTransitions" name="test_illegal_transition_raises[Cancelled-Escalated]" time="0.002" /><testcase classname="tests.test_phase2.test_state_machine.TestStateMachineTransitions" name="test_illegal_transition_raises[Reported-Dispatched]" time="0.002" /><testcase classname="tests.test_phase2.test_state_machine.TestStateMachineTransitions" name="test_illegal_transition_raises[Reported-InProgress]" time="0.002" /><testcase classname="tests.test_phase2.test_state_machine.TestStateMachineTransitions" name="test_illegal_transition_raises[Reported-Resolved]" time="0.002" /><testcase classname="tests.test_phase2.test_state_machine.TestStateMachineTransitions" name="test_illegal_transition_raises[Triaged-Acknowledged]" time="0.001" /><testcase classname="tests.test_phase2.test_state_machine.TestStateMachineTransitions" name="test_illegal_transition_raises[Triaged-InProgress]" time="0.001" /><testcase classname="tests.test_phase2.test_state_machine.TestStateMachineTransitions" name="test_illegal_transition_raises[Triaged-Resolved]" time="0.001" /><testcase classname="tests.test_phase2.test_state_machine.TestStateMachineTransitions" name="test_illegal_transition_raises[Dispatched-Triaged]" time="0.001" /><testcase classname="tests.test_phase2.test_state_machine.TestStateMachineTransitions" name="test_illegal_transition_raises[Dispatched-InProgress]" time="0.001" /><testcase classname="tests.test_phase2.test_state_machine.TestStateMachineTransitions" name="test_illegal_transition_raises[Dispatched-Resolved]" time="0.002" /><testcase classname="tests.test_phase2.test_state_machine.TestStateMachineTransitions" name="test_illegal_transition_raises[Acknowledged-Triaged]" time="0.001" /><testcase classname="tests.test_phase2.test_state_machine.TestStateMachineTransitions" name="test_illegal_transition_raises[Acknowledged-Reported]" time="0.002" /><testcase classname="tests.test_phase2.test_state_machine.TestStateMachineTransitions" name="test_illegal_transition_raises[Acknowledged-Dispatched]" time="0.001" /><testcase classname="tests.test_phase2.test_state_machine.TestStateMachineTransitions" name="test_illegal_transition_raises[Acknowledged-Resolved]" time="0.001" /><testcase classname="tests.test_phase2.test_state_machine.TestStateMachineTransitions" name="test_illegal_transition_raises[InProgress-Triaged]" time="0.001" /><testcase classname="tests.test_phase2.test_state_machine.TestStateMachineTransitions" name="test_illegal_transition_raises[InProgress-Dispatched]" time="0.002" /><testcase classname="tests.test_phase2.test_state_machine.TestStateMachineTransitions" name="test_illegal_transition_raises[InProgress-Acknowledged]" time="0.002" /><testcase classname="tests.test_phase2.test_state_machine.TestStateMachineTransitions" name="test_illegal_transition_raises[InProgress-Reported]" time="0.001" /><testcase classname="tests.test_phase2.test_state_machine.TestStateMachineTransitions" name="test_illegal_transition_raises[Escalated-Reported]" time="0.001" /><testcase classname="tests.test_phase2.test_state_machine.TestStateMachineTransitions" name="test_illegal_transition_raises[Escalated-Acknowledged]" time="0.001" /><testcase classname="tests.test_phase2.test_state_machine.TestStateMachineTransitions" name="test_illegal_transition_raises[Escalated-InProgress]" time="0.001" /><testcase classname="tests.test_phase2.test_state_machine.TestStateMachineTransitions" name="test_illegal_transition_raises[Escalated-Resolved]" time="0.001" /><testcase classname="tests.test_phase2.test_state_machine.TestStateMachineTransitions" name="test_terminal_states_are_terminal" time="0.001" /><testcase classname="tests.test_phase2.test_state_machine.TestStateMachineTransitions" name="test_non_terminal_states_are_not_terminal" time="0.001" /><testcase classname="tests.test_phase2.test_state_machine.TestStateMachineTransitions" name="test_valid_transitions_from_each_state" time="0.001" /><testcase classname="tests.test_phase2.test_state_machine.TestStateMachineTransitions" name="test_cancelled_is_valid_from_any_non_terminal" time="0.001" /><testcase classname="tests.test_phase2.test_state_machine.TestStateMachineTransitions" name="test_emergency_bypass_skips_triage_and_dispatch" time="0.001" /><testcase classname="tests.test_phase6.test_emergency_bypass.TestEmergencyBypass" name="test_reasoning_tier_not_called_for_emergency" time="0.005" /><testcase classname="tests.test_phase6.test_emergency_bypass.TestEmergencyBypass" name="test_non_emergency_calls_provider_normally" time="0.003" /><testcase classname="tests.test_phase6.test_incident_routes.TestIncidentRoutes" name="test_create_incident" time="0.166" /><testcase classname="tests.test_phase6.test_incident_routes.TestIncidentRoutes" name="test_create_incident_requires_auth" time="0.027" /><testcase classname="tests.test_phase6.test_incident_routes.TestIncidentRoutes" name="test_create_incident_strips_simulated_source_for_volunteer" time="0.050" /><testcase classname="tests.test_phase6.test_incident_routes.TestIncidentRoutes" name="test_get_incident" time="0.056" /><testcase classname="tests.test_phase6.test_incident_routes.TestIncidentRoutes" name="test_get_incident_cross_zone_blocked" time="0.053" /><testcase classname="tests.test_phase6.test_incident_routes.TestIncidentRoutes" name="test_patch_incident_status" time="0.072" /><testcase classname="tests.test_phase6.test_incident_routes.TestIncidentRoutes" name="test_patch_incident_status_invalid" time="0.056" /><testcase classname="tests.test_phase6.test_incident_routes.TestIncidentRoutes" name="test_list_incidents" time="0.027" /><testcase classname="tests.test_phase6.test_incident_routes.TestIncidentRoutes" name="test_dispatch_recommendation_endpoint" time="0.072" /><testcase classname="tests.test_phase7.test_chat_routes.TestChatRoutes" name="test_create_chat_session" time="0.110" /><testcase classname="tests.test_phase7.test_chat_routes.TestChatRoutes" name="test_list_chat_sessions" time="0.029" /><testcase classname="tests.test_phase7.test_chat_routes.TestChatRoutes" name="test_get_chat_session" time="0.030" /><testcase classname="tests.test_phase7.test_chat_routes.TestChatRoutes" name="test_send_message_normal" time="0.048" /><testcase classname="tests.test_phase7.test_chat_routes.TestChatRoutes" name="test_send_message_translation_failure_returns_fallback" time="0.041" /><testcase classname="tests.test_phase7.test_chat_routes.TestChatRoutes" name="test_close_chat_session" time="0.031" /><testcase classname="tests.test_phase7.test_chat_routes.TestChatRoutes" name="test_get_messages" time="0.039" /><testcase classname="tests.test_phase7.test_chat_routes.TestChatRoutes" name="test_send_message_requires_auth" time="0.010" /><testcase classname="tests.test_phase7.test_high_stakes.TestHighStakesDerivation" name="test_high_stakes_deterministic_rule[True-general-True]" time="0.001" /><testcase classname="tests.test_phase7.test_high_stakes.TestHighStakesDerivation" name="test_high_stakes_deterministic_rule[True-medical-True]" time="0.001" /><testcase classname="tests.test_phase7.test_high_stakes.TestHighStakesDerivation" name="test_high_stakes_deterministic_rule[True-accessibility-True]" time="0.000" /><testcase classname="tests.test_phase7.test_high_stakes.TestHighStakesDerivation" name="test_high_stakes_deterministic_rule[True-lost_fan-True]" time="0.000" /><testcase classname="tests.test_phase7.test_high_stakes.TestHighStakesDerivation" name="test_high_stakes_deterministic_rule[False-medical-True]" time="0.000" /><testcase classname="tests.test_phase7.test_high_stakes.TestHighStakesDerivation" name="test_high_stakes_deterministic_rule[False-accessibility-True]" time="0.001" /><testcase classname="tests.test_phase7.test_high_stakes.TestHighStakesDerivation" name="test_high_stakes_deterministic_rule[False-general-False]" time="0.001" /><testcase classname="tests.test_phase7.test_high_stakes.TestHighStakesDerivation" name="test_high_stakes_deterministic_rule[False-lost_fan-False]" time="0.001" /><testcase classname="tests.test_phase7.test_high_stakes.TestHighStakesDerivation" name="test_high_stakes_deterministic_rule[False-lost_item-False]" time="0.001" /><testcase classname="tests.test_phase7.test_high_stakes.TestHighStakesDerivation" name="test_high_stakes_deterministic_rule[False-translation-False]" time="0.001" /><testcase classname="tests.test_phase7.test_high_stakes.TestHighStakesDerivation" name="test_high_stakes_deterministic_rule[False-crowd_queue-False]" time="0.000" /><testcase classname="tests.test_phase7.test_high_stakes.TestHighStakesDerivation" name="test_model_cannot_override_high_stakes" time="0.002" /><testcase classname="tests.test_phase7.test_high_stakes.TestHighStakesDerivation" name="test_model_cannot_set_high_stakes_when_not_warranted" time="0.003" /><testcase classname="tests.test_phase7.test_translation_imports.TestTranslationModuleImports" name="test_translation_imports_no_reasoning_tier" time="0.009" /><testcase classname="tests.test_phase7.test_translation_imports.TestTranslationModuleImports" name="test_translation_imports_no_forbidden_submodules" time="0.001" /><testcase classname="tests.test_phase7.test_translation_imports.TestTranslationModuleImports" name="test_translation_only_uses_fast_cheap_tier" time="0.001" /><testcase classname="tests.test_phase8.test_integration_flow_4.TestAskCrewLinkIntegration" name="test_facility_question_returns_grounded_answer" time="0.082" /><testcase classname="tests.test_phase8.test_integration_flow_4.TestAskCrewLinkIntegration" name="test_out_of_scope_returns_fallback" time="0.015" /><testcase classname="tests.test_phase8.test_integration_flow_4.TestAskCrewLinkIntegration" name="test_retrieval_empty_returns_fallback" time="0.013" /><testcase classname="tests.test_phase8.test_integration_flow_4.TestAskCrewLinkIntegration" name="test_unauthenticated_request_returns_401" time="0.011" /><testcase classname="tests.test_phase8.test_no_reasoning_on_non_facility.TestNoReasoningOnNonFacility" name="test_reasoning_not_called_for_non_facility[translation_request-Can you translate this for me: donde esta el bano?]" time="0.003" /><testcase classname="tests.test_phase8.test_no_reasoning_on_non_facility.TestNoReasoningOnNonFacility" name="test_reasoning_not_called_for_non_facility[small_talk-Hello! How are you today?]" time="0.002" /><testcase classname="tests.test_phase8.test_no_reasoning_on_non_facility.TestNoReasoningOnNonFacility" name="test_reasoning_not_called_for_non_facility[status_or_logistics-What is my current assignment?]" time="0.003" /><testcase classname="tests.test_phase8.test_no_reasoning_on_non_facility.TestNoReasoningOnNonFacility" name="test_reasoning_not_called_for_non_facility[out_of_scope-Who won the 2022 World Cup?]" time="0.002" /><testcase classname="tests.test_phase8.test_no_reasoning_on_non_facility.TestNoReasoningOnNonFacility" name="test_facility_below_threshold_no_reasoning" time="0.002" /><testcase classname="tests.test_phase8.test_source_whitelist.TestSourceWhitelist" name="test_hallucinated_chunk_id_rejected" time="0.019" /><testcase classname="tests.test_phase8.test_source_whitelist.TestSourceWhitelist" name="test_legitimate_chunk_id_accepted" time="0.003" /><testcase classname="tests.test_phase9.test_fr4_propagation.TestFR4StatusPropagation" name="test_acknowledged_propagates_to_supervisor_within_5s" time="0.292" /><testcase classname="tests.test_phase9.test_fr4_propagation.TestFR4StatusPropagation" name="test_en_route_maps_to_in_progress" time="0.241" /><testcase classname="tests.test_phase9.test_fr9_override_logging.TestFR9OverrideLogging" name="test_manual_status_change_logs_human_reclassification" time="0.043" /><testcase classname="tests.test_phase9.test_fr9_override_logging.TestFR9OverrideLogging" name="test_manual_assign_logs_human_reassignment" time="0.044" /><testcase classname="tests.test_phase9.test_shift_summary.TestShiftSummaryGoldenSet" name="test_schema_conformance" time="0.001" /><testcase classname="tests.test_phase9.test_shift_summary.TestShiftSummaryGoldenSet" name="test_fallback_schema_conformant" time="0.000" /><testcase classname="tests.test_phase9.test_shift_summary.TestShiftSummaryGoldenSet" name="test_content_sanity_threshold" time="0.000" /><testcase classname="tests.test_phase9.test_shift_summary.TestShiftSummaryGoldenSet" name="test_empty_notable_events_default" time="0.004" /></testsuite></testsuites>