<?xml version="1.0" encoding="utf-8"?><testsuites name="pytest tests"><testsuite name="pytest" errors="0" failures="0" skipped="0" tests="7" time="0.298" timestamp="2026-07-18T08:45:50.522179+05:30" hostname="LAPTOP-S0MV4M5E"><testcase classname="tests.integration.test_flow_5_cross_zone_auth.TestFlow5CrossZoneAuth" name="test_zone_a_cannot_read_zone_b_incident" time="0.132" /><testcase classname="tests.integration.test_flow_5_cross_zone_auth.TestFlow5CrossZoneAuth" name="test_zone_a_feed_only_shows_zone_a" time="0.010" /><testcase classname="tests.integration.test_flow_5_cross_zone_auth.TestFlow5CrossZoneAuth" name="test_zone_a_cannot_read_zone_b_chat" time="0.025" /><testcase classname="tests.integration.test_flow_5_cross_zone_auth.TestFlow5CrossZoneAuth" name="test_supervisor_all_zones_can_access_any_zone" time="0.046" /><testcase classname="tests.integration.test_flow_5_cross_zone_auth.TestFlow5CrossZoneAuth" name="test_zone_scoped_supervisor_still_sees_all_zones" time="0.019" /><testcase classname="tests.integration.test_flow_5_cross_zone_auth.TestFlow5CrossZoneAuth" name="test_rollup_ignores_client_supplied_zone_param" time="0.010" /><testcase classname="tests.integration.test_flow_5_cross_zone_auth.TestFlow5CrossZoneAuth" name="test_zone_a_cannot_patch_zone_b_incident" time="0.036" /></testsuite></testsuites>